<?xml version="1.0" encoding="UTF-8"?>
<!-- Generated by org.testng.reporters.JUnitXMLReporter -->
<testsuite hostname="anna-VirtualBox" name="Surefire test" tests="9" failures="0" timestamp="2 Apr 2021 15:08:23 GMT" time="0.108" errors="0">
  <testcase name="testToThePowerOf on testToThePowerOf(_pass_AnnaNiemela.Calculator.AdvancedCalculatorTest)" time="0.004" classname="_pass_AnnaNiemela.Calculator.AdvancedCalculatorTest"/>
  <testcase name="testPercentageOf on testPercentageOf(_pass_AnnaNiemela.Calculator.AdvancedCalculatorTest)" time="0.0" classname="_pass_AnnaNiemela.Calculator.AdvancedCalculatorTest"/>
  <testcase name="testCubeRoot on testCubeRoot(_pass_AnnaNiemela.Calculator.AdvancedCalculatorTest)" time="0.0" classname="_pass_AnnaNiemela.Calculator.AdvancedCalculatorTest"/>
  <testcase name="testAbsoluteValue on testAbsoluteValue(_pass_AnnaNiemela.Calculator.AdvancedCalculatorTest)" time="0.0" classname="_pass_AnnaNiemela.Calculator.AdvancedCalculatorTest"/>
  <testcase name="testSquareRoot on testSquareRoot(_pass_AnnaNiemela.Calculator.AdvancedCalculatorTest)" time="0.0" classname="_pass_AnnaNiemela.Calculator.AdvancedCalculatorTest"/>
  <testcase name="testMultiplication on testMultiplication(_pass_AnnaNiemela.Calculator.BasicCalculatorTest)" time="0.0" classname="_pass_AnnaNiemela.Calculator.BasicCalculatorTest"/>
  <testcase name="testAddition on testAddition(_pass_AnnaNiemela.Calculator.BasicCalculatorTest)" time="0.0" classname="_pass_AnnaNiemela.Calculator.BasicCalculatorTest"/>
  <testcase name="testDivision on testDivision(_pass_AnnaNiemela.Calculator.BasicCalculatorTest)" time="0.0" classname="_pass_AnnaNiemela.Calculator.BasicCalculatorTest"/>
  <testcase name="testSubtraction on testSubtraction(_pass_AnnaNiemela.Calculator.BasicCalculatorTest)" time="0.0" classname="_pass_AnnaNiemela.Calculator.BasicCalculatorTest"/>
</testsuite> <!-- Surefire test -->
